        -:    0:Source:dominion.c
        -:    0:Graph:dominion.gcno
        -:    0:Data:dominion.gcda
        -:    0:Runs:1
        -:    0:Programs:1
        -:    1:#include "dominion.h"
        -:    2:#include "dominion_helpers.h"
        -:    3:#include "rngs.h"
        -:    4:#include <stdio.h>
        -:    5:#include <math.h>
        -:    6:#include <stdlib.h>
        -:    7:
function compare called 210 returned 100% blocks executed 83%
      210:    8:int compare(const void* a, const void* b) {
      210:    9:  if (*(int*)a > *(int*)b)
branch  0 taken 0% (fallthrough)
branch  1 taken 100%
    #####:   10:    return 1;
      210:   11:  if (*(int*)a < *(int*)b)
branch  0 taken 27% (fallthrough)
branch  1 taken 73%
       56:   12:    return -1;
      154:   13:  return 0;
        -:   14:}
        -:   15:
function newGame called 0 returned 0% blocks executed 0%
    #####:   16:struct gameState* newGame() {
    #####:   17:  struct gameState* g = malloc(sizeof(struct gameState));
    #####:   18:  return g;
        -:   19:}
        -:   20:
function kingdomCards called 0 returned 0% blocks executed 0%
    #####:   21:int* kingdomCards(int k1, int k2, int k3, int k4, int k5, int k6, int k7,
        -:   22:		  int k8, int k9, int k10) {
    #####:   23:  int* k = malloc(10 * sizeof(int));
    #####:   24:  k[0] = k1;
    #####:   25:  k[1] = k2;
    #####:   26:  k[2] = k3;
    #####:   27:  k[3] = k4;
    #####:   28:  k[4] = k5;
    #####:   29:  k[5] = k6;
    #####:   30:  k[6] = k7;
    #####:   31:  k[7] = k8;
    #####:   32:  k[8] = k9;
    #####:   33:  k[9] = k10;
    #####:   34:  return k;
        -:   35:}
        -:   36:
function initializeGame called 5 returned 100% blocks executed 95%
        5:   37:int initializeGame(int numPlayers, int kingdomCards[10], int randomSeed,
        -:   38:		   struct gameState *state) {
        -:   39:
        -:   40:  int i;
        -:   41:  int j;
        -:   42:  int it;			
        -:   43:  //set up random number generator
        5:   44:  SelectStream(1);
call    0 returned 100%
        5:   45:  PutSeed((long)randomSeed);
call    0 returned 100%
        -:   46:  
        -:   47:  //check number of players
        5:   48:  if (numPlayers > MAX_PLAYERS || numPlayers < 2)
branch  0 taken 100% (fallthrough)
branch  1 taken 0%
branch  2 taken 0% (fallthrough)
branch  3 taken 100%
        -:   49:    {
    #####:   50:      return -1;
        -:   51:    }
        -:   52:
        -:   53:  //set number of players
        5:   54:  state->numPlayers = numPlayers;
        -:   55:
        -:   56:  //check selected kingdom cards are different
       55:   57:  for (i = 0; i < 10; i++)
branch  0 taken 91%
branch  1 taken 9% (fallthrough)
        -:   58:    {
      550:   59:      for (j = 0; j < 10; j++)
branch  0 taken 91%
branch  1 taken 9% (fallthrough)
        -:   60:        {
      500:   61:	  if (j != i && kingdomCards[j] == kingdomCards[i])
branch  0 taken 90% (fallthrough)
branch  1 taken 10%
branch  2 taken 0% (fallthrough)
branch  3 taken 100%
        -:   62:	    {
    #####:   63:	      return -1;
        -:   64:	    }
        -:   65:        }
        -:   66:    }
        -:   67:
        -:   68:
        -:   69:  //initialize supply
        -:   70:  ///////////////////////////////
        -:   71:
        -:   72:  //set number of Curse cards
        5:   73:  if (numPlayers == 2)
branch  0 taken 40% (fallthrough)
branch  1 taken 60%
        -:   74:    {
        2:   75:      state->supplyCount[curse] = 10;
        -:   76:    }
        3:   77:  else if (numPlayers == 3)
branch  0 taken 67% (fallthrough)
branch  1 taken 33%
        -:   78:    {
        2:   79:      state->supplyCount[curse] = 20;
        -:   80:    }
        -:   81:  else
        -:   82:    {
        1:   83:      state->supplyCount[curse] = 30;
        -:   84:    }
        -:   85:
        -:   86:  //set number of Victory cards
        5:   87:  if (numPlayers == 2)
branch  0 taken 40% (fallthrough)
branch  1 taken 60%
        -:   88:    {
        2:   89:      state->supplyCount[estate] = 8;
        2:   90:      state->supplyCount[duchy] = 8;
        2:   91:      state->supplyCount[province] = 8;
        -:   92:    }
        -:   93:  else
        -:   94:    {
        3:   95:      state->supplyCount[estate] = 12;
        3:   96:      state->supplyCount[duchy] = 12;
        3:   97:      state->supplyCount[province] = 12;
        -:   98:    }
        -:   99:
        -:  100:  //set number of Treasure cards
        5:  101:  state->supplyCount[copper] = 60 - (7 * numPlayers);
        5:  102:  state->supplyCount[silver] = 40;
        5:  103:  state->supplyCount[gold] = 30;
        -:  104:
        -:  105:  //set number of Kingdom cards
      105:  106:  for (i = adventurer; i <= treasure_map; i++)       	//loop all cards
branch  0 taken 95%
branch  1 taken 5% (fallthrough)
        -:  107:    {
      825:  108:      for (j = 0; j < 10; j++)           		//loop chosen cards
branch  0 taken 94%
branch  1 taken 6% (fallthrough)
        -:  109:	{
      775:  110:	  if (kingdomCards[j] == i)
branch  0 taken 6% (fallthrough)
branch  1 taken 94%
        -:  111:	    {
        -:  112:	      //check if card is a 'Victory' Kingdom card
       50:  113:	      if (kingdomCards[j] == great_hall || kingdomCards[j] == gardens)
branch  0 taken 100% (fallthrough)
branch  1 taken 0%
branch  2 taken 10% (fallthrough)
branch  3 taken 90%
        -:  114:		{
       10:  115:		  if (numPlayers == 2){ 
branch  0 taken 40% (fallthrough)
branch  1 taken 60%
        2:  116:		    state->supplyCount[i] = 8; 
        -:  117:		  }
        3:  118:		  else{ state->supplyCount[i] = 12; }
        -:  119:		}
        -:  120:	      else
        -:  121:		{
       45:  122:		  state->supplyCount[i] = 10;
        -:  123:		}
       50:  124:	      break;
        -:  125:	    }
        -:  126:	  else    //card is not in the set choosen for the game
        -:  127:	    {
      725:  128:	      state->supplyCount[i] = -1;
        -:  129:	    }
        -:  130:	}
        -:  131:
        -:  132:    }
        -:  133:
        -:  134:  ////////////////////////
        -:  135:  //supply intilization complete
        -:  136:
        -:  137:  //set player decks
       19:  138:  for (i = 0; i < numPlayers; i++)
branch  0 taken 74%
branch  1 taken 26% (fallthrough)
        -:  139:    {
       14:  140:      state->deckCount[i] = 0;
       56:  141:      for (j = 0; j < 3; j++)
branch  0 taken 75%
branch  1 taken 25% (fallthrough)
        -:  142:	{
       42:  143:	  state->deck[i][j] = estate;
       42:  144:	  state->deckCount[i]++;
        -:  145:	}
      112:  146:      for (j = 3; j < 10; j++)
branch  0 taken 88%
branch  1 taken 13% (fallthrough)
        -:  147:	{
       98:  148:	  state->deck[i][j] = copper;
       98:  149:	  state->deckCount[i]++;		
        -:  150:	}
        -:  151:    }
        -:  152:
        -:  153:  //shuffle player decks
       19:  154:  for (i = 0; i < numPlayers; i++)
branch  0 taken 74%
branch  1 taken 26% (fallthrough)
        -:  155:    {
       14:  156:      if ( shuffle(i, state) < 0 )
call    0 returned 100%
branch  1 taken 0% (fallthrough)
branch  2 taken 100%
        -:  157:	{
    #####:  158:	  return -1;
        -:  159:	}
        -:  160:    }
        -:  161:
        -:  162:  //draw player hands
       19:  163:  for (i = 0; i < numPlayers; i++)
branch  0 taken 74%
branch  1 taken 26% (fallthrough)
        -:  164:    {  
        -:  165:      //initialize hand size to zero
       14:  166:      state->handCount[i] = 0;
       14:  167:      state->discardCount[i] = 0;
        -:  168:      //draw 5 cards
        -:  169:      // for (j = 0; j < 5; j++)
        -:  170:      //	{
        -:  171:      //	  drawCard(i, state);
        -:  172:      //	}
        -:  173:    }
        -:  174:  
        -:  175:  //set embargo tokens to 0 for all supply piles
      140:  176:  for (i = 0; i <= treasure_map; i++)
branch  0 taken 96%
branch  1 taken 4% (fallthrough)
        -:  177:    {
      135:  178:      state->embargoTokens[i] = 0;
        -:  179:    }
        -:  180:
        -:  181:  //initialize first player's turn
        5:  182:  state->outpostPlayed = 0;
        5:  183:  state->phase = 0;
        5:  184:  state->numActions = 1;
        5:  185:  state->numBuys = 1;
        5:  186:  state->playedCardCount = 0;
        5:  187:  state->whoseTurn = 0;
        5:  188:  state->handCount[state->whoseTurn] = 0;
        -:  189:  //int it; move to top
        -:  190:
        -:  191:  //Moved draw cards to here, only drawing at the start of a turn
       30:  192:  for (it = 0; it < 5; it++){
branch  0 taken 83%
branch  1 taken 17% (fallthrough)
       25:  193:    drawCard(state->whoseTurn, state);
call    0 returned 100%
        -:  194:  }
        -:  195:
        5:  196:  updateCoins(state->whoseTurn, state, 0);
call    0 returned 100%
        -:  197:
        5:  198:  return 0;
        -:  199:}
        -:  200:
function shuffle called 14 returned 100% blocks executed 94%
       14:  201:int shuffle(int player, struct gameState *state) {
        -:  202: 
        -:  203:
        -:  204:  int newDeck[MAX_DECK];
       14:  205:  int newDeckPos = 0;
        -:  206:  int card;
        -:  207:  int i;
        -:  208:
       14:  209:  if (state->deckCount[player] < 1)
branch  0 taken 0% (fallthrough)
branch  1 taken 100%
    #####:  210:    return -1;
       14:  211:  qsort ((void*)(state->deck[player]), state->deckCount[player], sizeof(int), compare); 
call    0 returned 100%
        -:  212:  /* SORT CARDS IN DECK TO ENSURE DETERMINISM! */
        -:  213:
      168:  214:  while (state->deckCount[player] > 0) {
branch  0 taken 91%
branch  1 taken 9% (fallthrough)
      140:  215:    card = floor(Random() * state->deckCount[player]);
call    0 returned 100%
      140:  216:    newDeck[newDeckPos] = state->deck[player][card];
      140:  217:    newDeckPos++;
      441:  218:    for (i = card; i < state->deckCount[player]-1; i++) {
branch  0 taken 68%
branch  1 taken 32% (fallthrough)
      301:  219:      state->deck[player][i] = state->deck[player][i+1];
        -:  220:    }
      140:  221:    state->deckCount[player]--;
        -:  222:  }
      154:  223:  for (i = 0; i < newDeckPos; i++) {
branch  0 taken 91%
branch  1 taken 9% (fallthrough)
      140:  224:    state->deck[player][i] = newDeck[i];
      140:  225:    state->deckCount[player]++;
        -:  226:  }
        -:  227:
       14:  228:  return 0;
        -:  229:}
        -:  230:
function playCard called 5 returned 100% blocks executed 73%
        5:  231:int playCard(int handPos, int choice1, int choice2, int choice3, struct gameState *state) 
        -:  232:{	
        -:  233:  int card;
        5:  234:  int coin_bonus = 0; 		//tracks coins gain from actions
        -:  235:
        -:  236:  //check if it is the right phase
        5:  237:  if (state->phase != 0)
branch  0 taken 0% (fallthrough)
branch  1 taken 100%
        -:  238:    {
    #####:  239:      return -1;
        -:  240:    }
        -:  241:	
        -:  242:  //check if player has enough actions
        5:  243:  if ( state->numActions < 1 )
branch  0 taken 0% (fallthrough)
branch  1 taken 100%
        -:  244:    {
    #####:  245:      return -1;
        -:  246:    }
        -:  247:	
        -:  248:  //get card played
        5:  249:  card = handCard(handPos, state);
call    0 returned 100%
        -:  250:	
        -:  251:  //check if selected card is an action
        5:  252:  if ( card < adventurer || card > treasure_map )
branch  0 taken 100% (fallthrough)
branch  1 taken 0%
branch  2 taken 0% (fallthrough)
branch  3 taken 100%
        -:  253:    {
    #####:  254:      return -1;
        -:  255:    }
        -:  256:	
        -:  257:  //play card
        5:  258:  if ( cardEffect(card, choice1, choice2, choice3, state, handPos, &coin_bonus) < 0 )
call    0 returned 100%
branch  1 taken 0% (fallthrough)
branch  2 taken 100%
        -:  259:    {
    #####:  260:      return -1;
        -:  261:    }
        -:  262:	
        -:  263:  //reduce number of actions
        5:  264:  state->numActions--;
        -:  265:
        -:  266:  //update coins (Treasure cards may be added with card draws)
        5:  267:  updateCoins(state->whoseTurn, state, coin_bonus);
call    0 returned 100%
        -:  268:	
        5:  269:  return 0;
        -:  270:}
        -:  271:
function buyCard called 0 returned 0% blocks executed 0%
    #####:  272:int buyCard(int supplyPos, struct gameState *state) {
        -:  273:  int who;
        -:  274:  if (DEBUG){
        -:  275:    printf("Entering buyCard...\n");
        -:  276:  }
        -:  277:
        -:  278:  // I don't know what to do about the phase thing.
        -:  279:
    #####:  280:  who = state->whoseTurn;
        -:  281:
    #####:  282:  if (state->numBuys < 1){
branch  0 never executed
branch  1 never executed
        -:  283:    if (DEBUG)
        -:  284:      printf("You do not have any buys left\n");
    #####:  285:    return -1;
    #####:  286:  } else if (supplyCount(supplyPos, state) <1){
call    0 never executed
branch  1 never executed
branch  2 never executed
        -:  287:    if (DEBUG)
        -:  288:      printf("There are not any of that type of card left\n");
    #####:  289:    return -1;
    #####:  290:  } else if (state->coins < getCost(supplyPos)){
call    0 never executed
branch  1 never executed
branch  2 never executed
        -:  291:    if (DEBUG) 
        -:  292:      printf("You do not have enough money to buy that. You have %d coins.\n", state->coins);
    #####:  293:    return -1;
        -:  294:  } else {
    #####:  295:    state->phase=1;
        -:  296:    //state->supplyCount[supplyPos]--;
    #####:  297:    gainCard(supplyPos, state, 0, who); //card goes in discard, this might be wrong.. (2 means goes into hand, 0 goes into discard)
call    0 never executed
        -:  298:  
    #####:  299:    state->coins = (state->coins) - (getCost(supplyPos));
call    0 never executed
    #####:  300:    state->numBuys--;
        -:  301:    if (DEBUG)
        -:  302:      printf("You bought card number %d for %d coins. You now have %d buys and %d coins.\n", supplyPos, getCost(supplyPos), state->numBuys, state->coins);
        -:  303:  }
        -:  304:
        -:  305:  //state->discard[who][state->discardCount[who]] = supplyPos;
        -:  306:  //state->discardCount[who]++;
        -:  307:    
    #####:  308:  return 0;
        -:  309:}
        -:  310:
function numHandCards called 10 returned 100% blocks executed 100%
       10:  311:int numHandCards(struct gameState *state) {
       10:  312:  return state->handCount[ whoseTurn(state) ];
call    0 returned 100%
        -:  313:}
        -:  314:
function handCard called 5 returned 100% blocks executed 100%
        5:  315:int handCard(int handPos, struct gameState *state) {
        5:  316:  int currentPlayer = whoseTurn(state);
call    0 returned 100%
        5:  317:  return state->hand[currentPlayer][handPos];
        -:  318:}
        -:  319:
function supplyCount called 5 returned 100% blocks executed 100%
        5:  320:int supplyCount(int card, struct gameState *state) {
        5:  321:  return state->supplyCount[card];
        -:  322:}
        -:  323:
function fullDeckCount called 0 returned 0% blocks executed 0%
    #####:  324:int fullDeckCount(int player, int card, struct gameState *state) {
        -:  325:  int i;
    #####:  326:  int count = 0;
        -:  327:
    #####:  328:  for (i = 0; i < state->deckCount[player]; i++)
branch  0 never executed
branch  1 never executed
        -:  329:    {
    #####:  330:      if (state->deck[player][i] == card) count++;
branch  0 never executed
branch  1 never executed
        -:  331:    }
        -:  332:
    #####:  333:  for (i = 0; i < state->handCount[player]; i++)
branch  0 never executed
branch  1 never executed
        -:  334:    {
    #####:  335:      if (state->hand[player][i] == card) count++;
branch  0 never executed
branch  1 never executed
        -:  336:    }
        -:  337:
    #####:  338:  for (i = 0; i < state->discardCount[player]; i++)
branch  0 never executed
branch  1 never executed
        -:  339:    {
    #####:  340:      if (state->discard[player][i] == card) count++;
branch  0 never executed
branch  1 never executed
        -:  341:    }
        -:  342:
    #####:  343:  return count;
        -:  344:}
        -:  345:
function whoseTurn called 20 returned 100% blocks executed 100%
       20:  346:int whoseTurn(struct gameState *state) {
       20:  347:  return state->whoseTurn;
        -:  348:}
        -:  349:
function endTurn called 0 returned 0% blocks executed 0%
    #####:  350:int endTurn(struct gameState *state) {
        -:  351:  int k;
        -:  352:  int i;
    #####:  353:  int currentPlayer = whoseTurn(state);
call    0 never executed
        -:  354:  
        -:  355:  //Discard hand
    #####:  356:  for (i = 0; i < state->handCount[currentPlayer]; i++){
branch  0 never executed
branch  1 never executed
    #####:  357:    state->discard[currentPlayer][state->discardCount[currentPlayer]++] = state->hand[currentPlayer][i];//Discard
    #####:  358:    state->hand[currentPlayer][i] = -1;//Set card to -1
        -:  359:  }
    #####:  360:  state->handCount[currentPlayer] = 0;//Reset hand count
        -:  361:    
        -:  362:  //Code for determining the player
    #####:  363:  if (currentPlayer < (state->numPlayers - 1)){ 
branch  0 never executed
branch  1 never executed
    #####:  364:    state->whoseTurn = currentPlayer + 1;//Still safe to increment
        -:  365:  }
        -:  366:  else{
    #####:  367:    state->whoseTurn = 0;//Max player has been reached, loop back around to player 1
        -:  368:  }
        -:  369:
    #####:  370:  state->outpostPlayed = 0;
    #####:  371:  state->phase = 0;
    #####:  372:  state->numActions = 1;
    #####:  373:  state->coins = 0;
    #####:  374:  state->numBuys = 1;
    #####:  375:  state->playedCardCount = 0;
    #####:  376:  state->handCount[state->whoseTurn] = 0;
        -:  377:
        -:  378:  //int k; move to top
        -:  379:  //Next player draws hand
    #####:  380:  for (k = 0; k < 5; k++){
branch  0 never executed
branch  1 never executed
    #####:  381:    drawCard(state->whoseTurn, state);//Draw a card
call    0 never executed
        -:  382:  }
        -:  383:
        -:  384:  //Update money
    #####:  385:  updateCoins(state->whoseTurn, state , 0);
call    0 never executed
        -:  386:
    #####:  387:  return 0;
        -:  388:}
        -:  389:
function isGameOver called 0 returned 0% blocks executed 0%
    #####:  390:int isGameOver(struct gameState *state) {
        -:  391:  int i;
        -:  392:  int j;
        -:  393:	
        -:  394:  //if stack of Province cards is empty, the game ends
    #####:  395:  if (state->supplyCount[province] == 0)
branch  0 never executed
branch  1 never executed
        -:  396:    {
    #####:  397:      return 1;
        -:  398:    }
        -:  399:
        -:  400:  //if three supply pile are at 0, the game ends
    #####:  401:  j = 0;
    #####:  402:  for (i = 0; i < 25; i++)
branch  0 never executed
branch  1 never executed
        -:  403:    {
    #####:  404:      if (state->supplyCount[i] == 0)
branch  0 never executed
branch  1 never executed
        -:  405:	{
    #####:  406:	  j++;
        -:  407:	}
        -:  408:    }
    #####:  409:  if ( j >= 3)
branch  0 never executed
branch  1 never executed
        -:  410:    {
    #####:  411:      return 1;
        -:  412:    }
        -:  413:
    #####:  414:  return 0;
        -:  415:}
        -:  416:
function scoreFor called 0 returned 0% blocks executed 0%
    #####:  417:int scoreFor (int player, struct gameState *state) {
        -:  418:
        -:  419:  int i;
    #####:  420:  int score = 0;
        -:  421:  //score from hand
    #####:  422:  for (i = 0; i < state->handCount[player]; i++)
branch  0 never executed
branch  1 never executed
        -:  423:    {
    #####:  424:      if (state->hand[player][i] == curse) { score = score - 1; };
branch  0 never executed
branch  1 never executed
    #####:  425:      if (state->hand[player][i] == estate) { score = score + 1; };
branch  0 never executed
branch  1 never executed
    #####:  426:      if (state->hand[player][i] == duchy) { score = score + 3; };
branch  0 never executed
branch  1 never executed
    #####:  427:      if (state->hand[player][i] == province) { score = score + 6; };
branch  0 never executed
branch  1 never executed
    #####:  428:      if (state->hand[player][i] == great_hall) { score = score + 1; };
branch  0 never executed
branch  1 never executed
    #####:  429:      if (state->hand[player][i] == gardens) { score = score + ( fullDeckCount(player, 0, state) / 10 ); };
branch  0 never executed
branch  1 never executed
call    2 never executed
        -:  430:    }
        -:  431:
        -:  432:  //score from discard
    #####:  433:  for (i = 0; i < state->discardCount[player]; i++)
branch  0 never executed
branch  1 never executed
        -:  434:    {
    #####:  435:      if (state->discard[player][i] == curse) { score = score - 1; };
branch  0 never executed
branch  1 never executed
    #####:  436:      if (state->discard[player][i] == estate) { score = score + 1; };
branch  0 never executed
branch  1 never executed
    #####:  437:      if (state->discard[player][i] == duchy) { score = score + 3; };
branch  0 never executed
branch  1 never executed
    #####:  438:      if (state->discard[player][i] == province) { score = score + 6; };
branch  0 never executed
branch  1 never executed
    #####:  439:      if (state->discard[player][i] == great_hall) { score = score + 1; };
branch  0 never executed
branch  1 never executed
    #####:  440:      if (state->discard[player][i] == gardens) { score = score + ( fullDeckCount(player, 0, state) / 10 ); };
branch  0 never executed
branch  1 never executed
call    2 never executed
        -:  441:    }
        -:  442:
        -:  443:  //score from deck
    #####:  444:  for (i = 0; i < state->discardCount[player]; i++)
branch  0 never executed
branch  1 never executed
        -:  445:    {
    #####:  446:      if (state->deck[player][i] == curse) { score = score - 1; };
branch  0 never executed
branch  1 never executed
    #####:  447:      if (state->deck[player][i] == estate) { score = score + 1; };
branch  0 never executed
branch  1 never executed
    #####:  448:      if (state->deck[player][i] == duchy) { score = score + 3; };
branch  0 never executed
branch  1 never executed
    #####:  449:      if (state->deck[player][i] == province) { score = score + 6; };
branch  0 never executed
branch  1 never executed
    #####:  450:      if (state->deck[player][i] == great_hall) { score = score + 1; };
branch  0 never executed
branch  1 never executed
    #####:  451:      if (state->deck[player][i] == gardens) { score = score + ( fullDeckCount(player, 0, state) / 10 ); };
branch  0 never executed
branch  1 never executed
call    2 never executed
        -:  452:    }
        -:  453:
    #####:  454:  return score;
        -:  455:}
        -:  456:
function getWinners called 0 returned 0% blocks executed 0%
    #####:  457:int getWinners(int players[MAX_PLAYERS], struct gameState *state) {
        -:  458:  int i;	
        -:  459:  int j;
        -:  460:  int highScore;
        -:  461:  int currentPlayer;
        -:  462:
        -:  463:  //get score for each player
    #####:  464:  for (i = 0; i < MAX_PLAYERS; i++)
branch  0 never executed
branch  1 never executed
        -:  465:    {
        -:  466:      //set unused player scores to -9999
    #####:  467:      if (i >= state->numPlayers)
branch  0 never executed
branch  1 never executed
        -:  468:	{
    #####:  469:	  players[i] = -9999;
        -:  470:	}
        -:  471:      else
        -:  472:	{
    #####:  473:	  players[i] = scoreFor (i, state);
call    0 never executed
        -:  474:	}
        -:  475:    }
        -:  476:
        -:  477:  //find highest score
    #####:  478:  j = 0;
    #####:  479:  for (i = 0; i < MAX_PLAYERS; i++)
branch  0 never executed
branch  1 never executed
        -:  480:    {
    #####:  481:      if (players[i] > players[j])
branch  0 never executed
branch  1 never executed
        -:  482:	{
    #####:  483:	  j = i;
        -:  484:	}
        -:  485:    }
    #####:  486:  highScore = players[j];
        -:  487:
        -:  488:  //add 1 to players who had less turns
    #####:  489:  currentPlayer = whoseTurn(state);
call    0 never executed
    #####:  490:  for (i = 0; i < MAX_PLAYERS; i++)
branch  0 never executed
branch  1 never executed
        -:  491:    {
    #####:  492:      if ( players[i] == highScore && i > currentPlayer )
branch  0 never executed
branch  1 never executed
branch  2 never executed
branch  3 never executed
        -:  493:	{
    #####:  494:	  players[i]++;
        -:  495:	}
        -:  496:    }
        -:  497:
        -:  498:  //find new highest score
    #####:  499:  j = 0;
    #####:  500:  for (i = 0; i < MAX_PLAYERS; i++)
branch  0 never executed
branch  1 never executed
        -:  501:    {
    #####:  502:      if ( players[i] > players[j] )
branch  0 never executed
branch  1 never executed
        -:  503:	{
    #####:  504:	  j = i;
        -:  505:	}
        -:  506:    }
    #####:  507:  highScore = players[j];
        -:  508:
        -:  509:  //set winners in array to 1 and rest to 0
    #####:  510:  for (i = 0; i < MAX_PLAYERS; i++)
branch  0 never executed
branch  1 never executed
        -:  511:    {
    #####:  512:      if ( players[i] == highScore )
branch  0 never executed
branch  1 never executed
        -:  513:	{
    #####:  514:	  players[i] = 1;
        -:  515:	}
        -:  516:      else
        -:  517:	{
    #####:  518:	  players[i] = 0;
        -:  519:	}
        -:  520:    }
        -:  521:
    #####:  522:  return 0;
        -:  523:}
        -:  524:
function drawCard called 99 returned 100% blocks executed 38%
       99:  525:int drawCard(int player, struct gameState *state)
        -:  526:{	int count;
        -:  527:  int deckCounter;
       99:  528:  if (state->deckCount[player] <= 0){//Deck is empty
branch  0 taken 0% (fallthrough)
branch  1 taken 100%
        -:  529:    
        -:  530:    //Step 1 Shuffle the discard pile back into a deck
        -:  531:    int i;
        -:  532:    //Move discard to deck
    #####:  533:    for (i = 0; i < state->discardCount[player];i++){
branch  0 never executed
branch  1 never executed
    #####:  534:      state->deck[player][i] = state->discard[player][i];
    #####:  535:      state->discard[player][i] = -1;
        -:  536:    }
        -:  537:
    #####:  538:    state->deckCount[player] = state->discardCount[player];
    #####:  539:    state->discardCount[player] = 0;//Reset discard
        -:  540:
        -:  541:    //Shufffle the deck
    #####:  542:    shuffle(player, state);//Shuffle the deck up and make it so that we can draw
call    0 never executed
        -:  543:   
        -:  544:    if (DEBUG){//Debug statements
        -:  545:      printf("Deck count now: %d\n", state->deckCount[player]);
        -:  546:    }
        -:  547:    
    #####:  548:    state->discardCount[player] = 0;
        -:  549:
        -:  550:    //Step 2 Draw Card
    #####:  551:    count = state->handCount[player];//Get current player's hand count
        -:  552:    
        -:  553:    if (DEBUG){//Debug statements
        -:  554:      printf("Current hand count: %d\n", count);
        -:  555:    }
        -:  556:    
    #####:  557:    deckCounter = state->deckCount[player];//Create a holder for the deck count
        -:  558:
    #####:  559:    if (deckCounter == 0)
branch  0 never executed
branch  1 never executed
    #####:  560:      return -1;
        -:  561:
    #####:  562:    state->hand[player][count] = state->deck[player][deckCounter - 1];//Add card to hand
    #####:  563:    state->deckCount[player]--;
    #####:  564:    state->handCount[player]++;//Increment hand count
        -:  565:  }
        -:  566:
        -:  567:  else{
       99:  568:    int count = state->handCount[player];//Get current hand count for player
        -:  569:    int deckCounter;
        -:  570:    if (DEBUG){//Debug statements
        -:  571:      printf("Current hand count: %d\n", count);
        -:  572:    }
        -:  573:
       99:  574:    deckCounter = state->deckCount[player];//Create holder for the deck count
       99:  575:    state->hand[player][count] = state->deck[player][deckCounter - 1];//Add card to the hand
       99:  576:    state->deckCount[player]--;
       99:  577:    state->handCount[player]++;//Increment hand count
        -:  578:  }
        -:  579:
       99:  580:  return 0;
        -:  581:}
        -:  582:
function getCost called 0 returned 0% blocks executed 0%
    #####:  583:int getCost(int cardNumber)
        -:  584:{
    #####:  585:  switch( cardNumber ) 
branch  0 never executed
branch  1 never executed
branch  2 never executed
branch  3 never executed
branch  4 never executed
branch  5 never executed
branch  6 never executed
branch  7 never executed
branch  8 never executed
branch  9 never executed
branch 10 never executed
branch 11 never executed
branch 12 never executed
branch 13 never executed
branch 14 never executed
branch 15 never executed
branch 16 never executed
branch 17 never executed
branch 18 never executed
branch 19 never executed
branch 20 never executed
branch 21 never executed
branch 22 never executed
branch 23 never executed
branch 24 never executed
branch 25 never executed
branch 26 never executed
branch 27 never executed
        -:  586:    {
        -:  587:    case curse:
    #####:  588:      return 0;
        -:  589:    case estate:
    #####:  590:      return 2;
        -:  591:    case duchy:
    #####:  592:      return 5;
        -:  593:    case province:
    #####:  594:      return 8;
        -:  595:    case copper:
    #####:  596:      return 0;
        -:  597:    case silver:
    #####:  598:      return 3;
        -:  599:    case gold:
    #####:  600:      return 6;
        -:  601:    case adventurer:
    #####:  602:      return 6;
        -:  603:    case council_room:
    #####:  604:      return 5;
        -:  605:    case feast:
    #####:  606:      return 4;
        -:  607:    case gardens:
    #####:  608:      return 4;
        -:  609:    case mine:
    #####:  610:      return 5;
        -:  611:    case remodel:
    #####:  612:      return 4;
        -:  613:    case smithy:
    #####:  614:      return 4;
        -:  615:    case village:
    #####:  616:      return 3;
        -:  617:    case baron:
    #####:  618:      return 4;
        -:  619:    case great_hall:
    #####:  620:      return 3;
        -:  621:    case minion:
    #####:  622:      return 5;
        -:  623:    case steward:
    #####:  624:      return 3;
        -:  625:    case tribute:
    #####:  626:      return 5;
        -:  627:    case ambassador:
    #####:  628:      return 3;
        -:  629:    case cutpurse:
    #####:  630:      return 4;
        -:  631:    case embargo: 
    #####:  632:      return 2;
        -:  633:    case outpost:
    #####:  634:      return 5;
        -:  635:    case salvager:
    #####:  636:      return 4;
        -:  637:    case sea_hag:
    #####:  638:      return 4;
        -:  639:    case treasure_map:
    #####:  640:      return 4;
        -:  641:    }
        -:  642:	
    #####:  643:  return -1;
        -:  644:}
        -:  645:
function adventurerEffect called 0 returned 0% blocks executed 0%
    #####:  646:void adventurerEffect(int drawntreasure, int currentPlayer, int nextplayer, struct gameState *state, int z){
        -:  647:  int temphand[MAX_HAND];
        -:  648:  int cardDrawn;
    #####:  649:  while(drawntreasure<2){
branch  0 never executed
branch  1 never executed
    #####:  650:  if (state->deckCount[currentPlayer] <1){//if the deck is empty we need to shuffle discard and add to deck
branch  0 never executed
branch  1 never executed
    #####:  651:    shuffle(currentPlayer, state);
call    0 never executed
        -:  652:  }
    #####:  653:  drawCard(currentPlayer, state);
call    0 never executed
    #####:  654:  cardDrawn = state->hand[currentPlayer][state->handCount[currentPlayer]-1];//top card of hand is most recently drawn card.
    #####:  655:  if (cardDrawn == copper || cardDrawn == silver || cardDrawn == gold)
branch  0 never executed
branch  1 never executed
branch  2 never executed
branch  3 never executed
branch  4 never executed
branch  5 never executed
    #####:  656:    drawntreasure++;
        -:  657:  else{
        -:  658:    //correct is temphand[z]=cardDrawn;
    #####:  659:    temphand[z]+=cardDrawn;
    #####:  660:    state->handCount[currentPlayer]--; //this should just remove the top card (the most recently drawn one).
    #####:  661:    z++;
        -:  662:  }
        -:  663:      }
    #####:  664:      while(z-1>=0){
branch  0 never executed
branch  1 never executed
    #####:  665:  state->discard[currentPlayer][state->discardCount[currentPlayer]++]=temphand[z-1]; // discard all cards in play that have been drawn
    #####:  666:  z=z-1;
        -:  667:      }
    #####:  668:}
        -:  669:
function smithyEffect called 0 returned 0% blocks executed 0%
    #####:  670:void smithyEffect(struct gameState *state, int currentPlayer, int handPos){
        -:  671:  int i;
        -:  672:  //correct is i < 3
    #####:  673:  for (i = 0; i < 2; i++)
branch  0 never executed
branch  1 never executed
        -:  674:  {
    #####:  675:    drawCard(currentPlayer, state);
call    0 never executed
        -:  676:  }
        -:  677:      
        -:  678:      //discard card from hand
    #####:  679:  discardCard(handPos, currentPlayer, state, 0);
call    0 never executed
        -:  680:
    #####:  681:}
        -:  682:
function council_roomEffect called 5 returned 100% blocks executed 100%
        5:  683:void council_roomEffect(int currentPlayer, struct gameState *state, int handPos ){
        -:  684:  int i;
       25:  685: for (i = 0; i < 4; i++)
branch  0 taken 80%
branch  1 taken 20% (fallthrough)
        -:  686:  {
       20:  687:    drawCard(currentPlayer, state);
call    0 returned 100%
        -:  688:  }
        -:  689:      
        -:  690:      //+1 Buy
        -:  691:      //correct is state->numBuys++;
        5:  692:      state->numBuys--;
        -:  693:      
        -:  694:      //Each other player draws a card
       19:  695:      for (i = 0; i < state->numPlayers; i++)
branch  0 taken 74%
branch  1 taken 26% (fallthrough)
        -:  696:  {
       14:  697:    if ( i != currentPlayer )
branch  0 taken 64% (fallthrough)
branch  1 taken 36%
        -:  698:      {
        9:  699:        drawCard(i, state);
call    0 returned 100%
        -:  700:      }
        -:  701:  }
        -:  702:      
        -:  703:      //put played card in played card pile
        5:  704:      discardCard(handPos, currentPlayer, state, 0);
call    0 returned 100%
        -:  705:
        5:  706:}
        -:  707:
function villageEffect called 0 returned 0% blocks executed 0%
    #####:  708:void villageEffect(int currentPlayer, int handPos, struct gameState *state){
        -:  709:  //+1 Card
    #####:  710:  drawCard(currentPlayer, state);
call    0 never executed
        -:  711:      
        -:  712:  //+2 Actions
        -:  713:  // correct is state->numActions = state->numActions + 2;
    #####:  714:  state->numActions = state->numActions + 1;
        -:  715:      
        -:  716:  //discard played card from hand
    #####:  717:  discardCard(handPos, currentPlayer, state, 0);
call    0 never executed
    #####:  718:}
        -:  719:
function great_hallEffect called 0 returned 0% blocks executed 0%
    #####:  720:void great_hallEffect(int currentPlayer, int handPos, struct gameState *state){
        -:  721:   //+1 Card
    #####:  722:  drawCard(currentPlayer, state);
call    0 never executed
        -:  723:      
        -:  724:  //+1 Actions
    #####:  725:  state->numActions++;
        -:  726:      
        -:  727:  //discard card from hand
    #####:  728:  discardCard(handPos, currentPlayer, state, 0);
call    0 never executed
    #####:  729:}
        -:  730:
function cardEffect called 5 returned 100% blocks executed 3%
        5:  731:int cardEffect(int card, int choice1, int choice2, int choice3, struct gameState *state, int handPos, int *bonus)
        -:  732:{
        -:  733:  int i;
        -:  734:  int j;
        -:  735:  int k;
        -:  736:  int x;
        -:  737:  int index;
        5:  738:  int currentPlayer = whoseTurn(state);
call    0 returned 100%
        5:  739:  int nextPlayer = currentPlayer + 1;
        -:  740:
        5:  741:  int tributeRevealedCards[2] = {-1, -1};
        -:  742:  int temphand[MAX_HAND];// moved above the if statement
        5:  743:  int drawntreasure=0;
        -:  744:  //int cardDrawn;
        5:  745:  int z = 0;// this is the counter for the temp hand
        5:  746:  if (nextPlayer > (state->numPlayers - 1)){
branch  0 taken 40% (fallthrough)
branch  1 taken 60%
        2:  747:    nextPlayer = 0;
        -:  748:  }
        -:  749:  
        -:  750:	
        -:  751:  //uses switch to select card and perform actions
        5:  752:  switch( card ) 
branch  0 taken 0%
branch  1 taken 100%
branch  2 taken 0%
branch  3 taken 0%
branch  4 taken 0%
branch  5 taken 0%
branch  6 taken 0%
branch  7 taken 0%
branch  8 taken 0%
branch  9 taken 0%
branch 10 taken 0%
branch 11 taken 0%
branch 12 taken 0%
branch 13 taken 0%
branch 14 taken 0%
branch 15 taken 0%
branch 16 taken 0%
branch 17 taken 0%
branch 18 taken 0%
branch 19 taken 0%
branch 20 taken 0%
        -:  753:    {
        -:  754:    case adventurer:
    #####:  755:      adventurerEffect(drawntreasure, currentPlayer, nextPlayer, state, z);
call    0 never executed
        -:  756:  
    #####:  757:			return 0;
        -:  758:    case council_room:
        -:  759:      //+4 Cards
        -:  760:      //+1 Buy
        -:  761:      //Each other player draws a card
        -:  762:      //put played card in played card pile
        5:  763:      council_roomEffect(currentPlayer, state, handPos);
call    0 returned 100%
        -:  764:			
        5:  765:      return 0;
        -:  766:			
        -:  767:    case feast:
        -:  768:      //gain card with cost up to 5
        -:  769:      //Backup hand
    #####:  770:      for (i = 0; i <= state->handCount[currentPlayer]; i++){
branch  0 never executed
branch  1 never executed
    #####:  771:	temphand[i] = state->hand[currentPlayer][i];//Backup card
    #####:  772:	state->hand[currentPlayer][i] = -1;//Set to nothing
        -:  773:      }
        -:  774:      //Backup hand
        -:  775:
        -:  776:      //Update Coins for Buy
    #####:  777:      updateCoins(currentPlayer, state, 5);
call    0 never executed
    #####:  778:      x = 1;//Condition to loop on
    #####:  779:      while( x == 1) {//Buy one card
branch  0 never executed
branch  1 never executed
    #####:  780:	if (supplyCount(choice1, state) <= 0){
call    0 never executed
branch  1 never executed
branch  2 never executed
        -:  781:	  if (DEBUG)
        -:  782:	    printf("None of that card left, sorry!\n");
        -:  783:
        -:  784:	  if (DEBUG){
        -:  785:	    printf("Cards Left: %d\n", supplyCount(choice1, state));
        -:  786:	  }
        -:  787:	}
    #####:  788:	else if (state->coins < getCost(choice1)){
call    0 never executed
branch  1 never executed
branch  2 never executed
    #####:  789:	  printf("That card is too expensive!\n");
call    0 never executed
        -:  790:
        -:  791:	  if (DEBUG){
        -:  792:	    printf("Coins: %d < %d\n", state->coins, getCost(choice1));
        -:  793:	  }
        -:  794:	}
        -:  795:	else{
        -:  796:
        -:  797:	  if (DEBUG){
        -:  798:	    printf("Deck Count: %d\n", state->handCount[currentPlayer] + state->deckCount[currentPlayer] + state->discardCount[currentPlayer]);
        -:  799:	  }
        -:  800:
    #####:  801:	  gainCard(choice1, state, 0, currentPlayer);//Gain the card
call    0 never executed
    #####:  802:	  x = 0;//No more buying cards
        -:  803:
        -:  804:	  if (DEBUG){
        -:  805:	    printf("Deck Count: %d\n", state->handCount[currentPlayer] + state->deckCount[currentPlayer] + state->discardCount[currentPlayer]);
        -:  806:	  }
        -:  807:
        -:  808:	}
        -:  809:      }     
        -:  810:
        -:  811:      //Reset Hand
    #####:  812:      for (i = 0; i <= state->handCount[currentPlayer]; i++){
branch  0 never executed
branch  1 never executed
    #####:  813:	state->hand[currentPlayer][i] = temphand[i];
    #####:  814:	temphand[i] = -1;
        -:  815:      }
        -:  816:      //Reset Hand
        -:  817:      			
    #####:  818:      return 0;
        -:  819:			
        -:  820:    case gardens:
    #####:  821:      return -1;
        -:  822:			
        -:  823:    case mine:
    #####:  824:      j = state->hand[currentPlayer][choice1];  //store card we will trash
        -:  825:
    #####:  826:      if (state->hand[currentPlayer][choice1] < copper || state->hand[currentPlayer][choice1] > gold)
branch  0 never executed
branch  1 never executed
branch  2 never executed
branch  3 never executed
        -:  827:	{
    #####:  828:	  return -1;
        -:  829:	}
        -:  830:		
    #####:  831:      if (choice2 > treasure_map || choice2 < curse)
branch  0 never executed
branch  1 never executed
branch  2 never executed
branch  3 never executed
        -:  832:	{
    #####:  833:	  return -1;
        -:  834:	}
        -:  835:
    #####:  836:      if ( (getCost(state->hand[currentPlayer][choice1]) + 3) > getCost(choice2) )
call    0 never executed
call    1 never executed
branch  2 never executed
branch  3 never executed
        -:  837:	{
    #####:  838:	  return -1;
        -:  839:	}
        -:  840:
    #####:  841:      gainCard(choice2, state, 2, currentPlayer);
call    0 never executed
        -:  842:
        -:  843:      //discard card from hand
    #####:  844:      discardCard(handPos, currentPlayer, state, 0);
call    0 never executed
        -:  845:
        -:  846:      //discard trashed card
    #####:  847:      for (i = 0; i < state->handCount[currentPlayer]; i++)
branch  0 never executed
branch  1 never executed
        -:  848:	{
    #####:  849:	  if (state->hand[currentPlayer][i] == j)
branch  0 never executed
branch  1 never executed
        -:  850:	    {
    #####:  851:	      discardCard(i, currentPlayer, state, 0);			
call    0 never executed
    #####:  852:	      break;
        -:  853:	    }
        -:  854:	}
        -:  855:			
    #####:  856:      return 0;
        -:  857:			
        -:  858:    case remodel:
    #####:  859:      j = state->hand[currentPlayer][choice1];  //store card we will trash
        -:  860:
    #####:  861:      if ( (getCost(state->hand[currentPlayer][choice1]) + 2) > getCost(choice2) )
call    0 never executed
call    1 never executed
branch  2 never executed
branch  3 never executed
        -:  862:	{
    #####:  863:	  return -1;
        -:  864:	}
        -:  865:
    #####:  866:      gainCard(choice2, state, 0, currentPlayer);
call    0 never executed
        -:  867:
        -:  868:      //discard card from hand
    #####:  869:      discardCard(handPos, currentPlayer, state, 0);
call    0 never executed
        -:  870:
        -:  871:      //discard trashed card
    #####:  872:      for (i = 0; i < state->handCount[currentPlayer]; i++)
branch  0 never executed
branch  1 never executed
        -:  873:	{
    #####:  874:	  if (state->hand[currentPlayer][i] == j)
branch  0 never executed
branch  1 never executed
        -:  875:	    {
    #####:  876:	      discardCard(i, currentPlayer, state, 0);			
call    0 never executed
    #####:  877:	      break;
        -:  878:	    }
        -:  879:	}
        -:  880:
        -:  881:
    #####:  882:      return 0;
        -:  883:		
        -:  884:    case smithy:
        -:  885:      //+3 Cards
    #####:  886:      smithyEffect(state, currentPlayer, handPos);
call    0 never executed
        -:  887:
    #####:  888:		  return 0;
        -:  889:    case village:
    #####:  890:      villageEffect(currentPlayer, handPos, state);
call    0 never executed
    #####:  891:      return 0;
        -:  892:		
        -:  893:    case baron:
    #####:  894:      state->numBuys++;//Increase buys by 1!
    #####:  895:      if (choice1 > 0){//Boolean true or going to discard an estate
branch  0 never executed
branch  1 never executed
    #####:  896:	int p = 0;//Iterator for hand!
    #####:  897:	int card_not_discarded = 1;//Flag for discard set!
    #####:  898:	while(card_not_discarded){
branch  0 never executed
branch  1 never executed
    #####:  899:	  if (state->hand[currentPlayer][p] == estate){//Found an estate card!
branch  0 never executed
branch  1 never executed
    #####:  900:	    state->coins += 4;//Add 4 coins to the amount of coins
    #####:  901:	    state->discard[currentPlayer][state->discardCount[currentPlayer]] = state->hand[currentPlayer][p];
    #####:  902:	    state->discardCount[currentPlayer]++;
    #####:  903:	    for (;p < state->handCount[currentPlayer]; p++){
branch  0 never executed
branch  1 never executed
    #####:  904:	      state->hand[currentPlayer][p] = state->hand[currentPlayer][p+1];
        -:  905:	    }
    #####:  906:	    state->hand[currentPlayer][state->handCount[currentPlayer]] = -1;
    #####:  907:	    state->handCount[currentPlayer]--;
    #####:  908:	    card_not_discarded = 0;//Exit the loop
        -:  909:	  }
    #####:  910:	  else if (p > state->handCount[currentPlayer]){
branch  0 never executed
branch  1 never executed
        -:  911:	    if(DEBUG) {
        -:  912:	      printf("No estate cards in your hand, invalid choice\n");
        -:  913:	      printf("Must gain an estate if there are any\n");
        -:  914:	    }
    #####:  915:	    if (supplyCount(estate, state) > 0){
call    0 never executed
branch  1 never executed
branch  2 never executed
    #####:  916:	      gainCard(estate, state, 0, currentPlayer);
call    0 never executed
    #####:  917:	      state->supplyCount[estate]--;//Decrement estates
    #####:  918:	      if (supplyCount(estate, state) == 0){
call    0 never executed
branch  1 never executed
branch  2 never executed
    #####:  919:		isGameOver(state);
call    0 never executed
        -:  920:	      }
        -:  921:	    }
    #####:  922:	    card_not_discarded = 0;//Exit the loop
        -:  923:	  }
        -:  924:			    
        -:  925:	  else{
    #####:  926:	    p++;//Next card
        -:  927:	  }
        -:  928:	}
        -:  929:      }
        -:  930:			    
        -:  931:      else{
    #####:  932:	if (supplyCount(estate, state) > 0){
call    0 never executed
branch  1 never executed
branch  2 never executed
    #####:  933:	  gainCard(estate, state, 0, currentPlayer);//Gain an estate
call    0 never executed
    #####:  934:	  state->supplyCount[estate]--;//Decrement Estates
    #####:  935:	  if (supplyCount(estate, state) == 0){
call    0 never executed
branch  1 never executed
branch  2 never executed
    #####:  936:	    isGameOver(state);
call    0 never executed
        -:  937:	  }
        -:  938:	}
        -:  939:      }
        -:  940:	    
        -:  941:      
    #####:  942:      return 0;
        -:  943:		
        -:  944:    case great_hall:
    #####:  945:      great_hallEffect(currentPlayer, handPos, state);
call    0 never executed
    #####:  946:      return 0;
        -:  947:		
        -:  948:    case minion:
        -:  949:      //+1 action
    #####:  950:      state->numActions++;
        -:  951:			
        -:  952:      //discard card from hand
    #####:  953:      discardCard(handPos, currentPlayer, state, 0);
call    0 never executed
        -:  954:			
    #####:  955:      if (choice1)		//+2 coins
branch  0 never executed
branch  1 never executed
        -:  956:	{
    #####:  957:	  state->coins = state->coins + 2;
        -:  958:	}
        -:  959:			
    #####:  960:      else if (choice2)		//discard hand, redraw 4, other players with 5+ cards discard hand and draw 4
branch  0 never executed
branch  1 never executed
        -:  961:	{
        -:  962:	  //discard hand
    #####:  963:	  while(numHandCards(state) > 0)
call    0 never executed
branch  1 never executed
branch  2 never executed
        -:  964:	    {
    #####:  965:	      discardCard(handPos, currentPlayer, state, 0);
call    0 never executed
        -:  966:	    }
        -:  967:				
        -:  968:	  //draw 4
    #####:  969:	  for (i = 0; i < 4; i++)
branch  0 never executed
branch  1 never executed
        -:  970:	    {
    #####:  971:	      drawCard(currentPlayer, state);
call    0 never executed
        -:  972:	    }
        -:  973:				
        -:  974:	  //other players discard hand and redraw if hand size > 4
    #####:  975:	  for (i = 0; i < state->numPlayers; i++)
branch  0 never executed
branch  1 never executed
        -:  976:	    {
    #####:  977:	      if (i != currentPlayer)
branch  0 never executed
branch  1 never executed
        -:  978:		{
    #####:  979:		  if ( state->handCount[i] > 4 )
branch  0 never executed
branch  1 never executed
        -:  980:		    {
        -:  981:		      //discard hand
    #####:  982:		      while( state->handCount[i] > 0 )
branch  0 never executed
branch  1 never executed
        -:  983:			{
    #####:  984:			  discardCard(handPos, i, state, 0);
call    0 never executed
        -:  985:			}
        -:  986:							
        -:  987:		      //draw 4
    #####:  988:		      for (j = 0; j < 4; j++)
branch  0 never executed
branch  1 never executed
        -:  989:			{
    #####:  990:			  drawCard(i, state);
call    0 never executed
        -:  991:			}
        -:  992:		    }
        -:  993:		}
        -:  994:	    }
        -:  995:				
        -:  996:	}
    #####:  997:      return 0;
        -:  998:		
        -:  999:    case steward:
    #####: 1000:      if (choice1 == 1)
branch  0 never executed
branch  1 never executed
        -: 1001:	{
        -: 1002:	  //+2 cards
    #####: 1003:	  drawCard(currentPlayer, state);
call    0 never executed
    #####: 1004:	  drawCard(currentPlayer, state);
call    0 never executed
        -: 1005:	}
    #####: 1006:      else if (choice1 == 2)
branch  0 never executed
branch  1 never executed
        -: 1007:	{
        -: 1008:	  //+2 coins
    #####: 1009:	  state->coins = state->coins + 2;
        -: 1010:	}
        -: 1011:      else
        -: 1012:	{
        -: 1013:	  //trash 2 cards in hand
    #####: 1014:	  discardCard(choice2, currentPlayer, state, 1);
call    0 never executed
    #####: 1015:	  discardCard(choice3, currentPlayer, state, 1);
call    0 never executed
        -: 1016:	}
        -: 1017:			
        -: 1018:      //discard card from hand
    #####: 1019:      discardCard(handPos, currentPlayer, state, 0);
call    0 never executed
    #####: 1020:      return 0;
        -: 1021:		
        -: 1022:    case tribute:
    #####: 1023:      if ((state->discardCount[nextPlayer] + state->deckCount[nextPlayer]) <= 1){
branch  0 never executed
branch  1 never executed
    #####: 1024:	if (state->deckCount[nextPlayer] > 0){
branch  0 never executed
branch  1 never executed
    #####: 1025:	  tributeRevealedCards[0] = state->deck[nextPlayer][state->deckCount[nextPlayer]-1];
    #####: 1026:	  state->deckCount[nextPlayer]--;
        -: 1027:	}
    #####: 1028:	else if (state->discardCount[nextPlayer] > 0){
branch  0 never executed
branch  1 never executed
    #####: 1029:	  tributeRevealedCards[0] = state->discard[nextPlayer][state->discardCount[nextPlayer]-1];
    #####: 1030:	  state->discardCount[nextPlayer]--;
        -: 1031:	}
        -: 1032:	else{
        -: 1033:	  //No Card to Reveal
        -: 1034:	  if (DEBUG){
        -: 1035:	    printf("No cards to reveal\n");
        -: 1036:	  }
        -: 1037:	}
        -: 1038:      }
        -: 1039:	    
        -: 1040:      else{
    #####: 1041:	if (state->deckCount[nextPlayer] == 0){
branch  0 never executed
branch  1 never executed
    #####: 1042:	  for (i = 0; i < state->discardCount[nextPlayer]; i++){
branch  0 never executed
branch  1 never executed
    #####: 1043:	    state->deck[nextPlayer][i] = state->discard[nextPlayer][i];//Move to deck
    #####: 1044:	    state->deckCount[nextPlayer]++;
    #####: 1045:	    state->discard[nextPlayer][i] = -1;
    #####: 1046:	    state->discardCount[nextPlayer]--;
        -: 1047:	  }
        -: 1048:			    
    #####: 1049:	  shuffle(nextPlayer,state);//Shuffle the deck
call    0 never executed
        -: 1050:	} 
    #####: 1051:	tributeRevealedCards[0] = state->deck[nextPlayer][state->deckCount[nextPlayer]-1];
    #####: 1052:	state->deck[nextPlayer][state->deckCount[nextPlayer]--] = -1;
    #####: 1053:	state->deckCount[nextPlayer]--;
    #####: 1054:	tributeRevealedCards[1] = state->deck[nextPlayer][state->deckCount[nextPlayer]-1];
    #####: 1055:	state->deck[nextPlayer][state->deckCount[nextPlayer]--] = -1;
    #####: 1056:	state->deckCount[nextPlayer]--;
        -: 1057:      }    
        -: 1058:		       
    #####: 1059:      if (tributeRevealedCards[0] == tributeRevealedCards[1]){//If we have a duplicate card, just drop one 
branch  0 never executed
branch  1 never executed
    #####: 1060:	state->playedCards[state->playedCardCount] = tributeRevealedCards[1];
    #####: 1061:	state->playedCardCount++;
    #####: 1062:	tributeRevealedCards[1] = -1;
        -: 1063:      }
        -: 1064:
    #####: 1065:      for (i = 0; i <= 2; i ++){
branch  0 never executed
branch  1 never executed
    #####: 1066:	if (tributeRevealedCards[i] == copper || tributeRevealedCards[i] == silver || tributeRevealedCards[i] == gold){//Treasure cards
branch  0 never executed
branch  1 never executed
branch  2 never executed
branch  3 never executed
branch  4 never executed
branch  5 never executed
    #####: 1067:	  state->coins += 2;
        -: 1068:	}
        -: 1069:		    
    #####: 1070:	else if (tributeRevealedCards[i] == estate || tributeRevealedCards[i] == duchy || tributeRevealedCards[i] == province || tributeRevealedCards[i] == gardens || tributeRevealedCards[i] == great_hall){//Victory Card Found
branch  0 never executed
branch  1 never executed
branch  2 never executed
branch  3 never executed
branch  4 never executed
branch  5 never executed
branch  6 never executed
branch  7 never executed
branch  8 never executed
branch  9 never executed
    #####: 1071:	  drawCard(currentPlayer, state);
call    0 never executed
    #####: 1072:	  drawCard(currentPlayer, state);
call    0 never executed
        -: 1073:	}
        -: 1074:	else{//Action Card
    #####: 1075:	  state->numActions = state->numActions + 2;
        -: 1076:	}
        -: 1077:      }
        -: 1078:	    
    #####: 1079:      return 0;
        -: 1080:		
        -: 1081:    case ambassador:
    #####: 1082:      j = 0;		//used to check if player has enough cards to discard
        -: 1083:
    #####: 1084:      if (choice2 > 2 || choice2 < 0)
branch  0 never executed
branch  1 never executed
branch  2 never executed
branch  3 never executed
        -: 1085:	{
    #####: 1086:	  return -1;				
        -: 1087:	}
        -: 1088:
    #####: 1089:      if (choice1 == handPos)
branch  0 never executed
branch  1 never executed
        -: 1090:	{
    #####: 1091:	  return -1;
        -: 1092:	}
        -: 1093:
    #####: 1094:      for (i = 0; i < state->handCount[currentPlayer]; i++)
branch  0 never executed
branch  1 never executed
        -: 1095:	{
    #####: 1096:	  if (i != handPos && i == state->hand[currentPlayer][choice1] && i != choice1)
branch  0 never executed
branch  1 never executed
branch  2 never executed
branch  3 never executed
branch  4 never executed
branch  5 never executed
        -: 1097:	    {
    #####: 1098:	      j++;
        -: 1099:	    }
        -: 1100:	}
    #####: 1101:      if (j < choice2)
branch  0 never executed
branch  1 never executed
        -: 1102:	{
    #####: 1103:	  return -1;				
        -: 1104:	}
        -: 1105:
        -: 1106:      if (DEBUG) 
        -: 1107:	printf("Player %d reveals card number: %d\n", currentPlayer, state->hand[currentPlayer][choice1]);
        -: 1108:
        -: 1109:      //increase supply count for choosen card by amount being discarded
    #####: 1110:      state->supplyCount[state->hand[currentPlayer][choice1]] += choice2;
        -: 1111:			
        -: 1112:      //each other player gains a copy of revealed card
    #####: 1113:      for (i = 0; i < state->numPlayers; i++)
branch  0 never executed
branch  1 never executed
        -: 1114:	{
    #####: 1115:	  if (i != currentPlayer)
branch  0 never executed
branch  1 never executed
        -: 1116:	    {
    #####: 1117:	      gainCard(state->hand[currentPlayer][choice1], state, 0, i);
call    0 never executed
        -: 1118:	    }
        -: 1119:	}
        -: 1120:
        -: 1121:      //discard played card from hand
    #####: 1122:      discardCard(handPos, currentPlayer, state, 0);			
call    0 never executed
        -: 1123:
        -: 1124:      //trash copies of cards returned to supply
    #####: 1125:      for (j = 0; j < choice2; j++)
branch  0 never executed
branch  1 never executed
        -: 1126:	{
    #####: 1127:	  for (i = 0; i < state->handCount[currentPlayer]; i++)
branch  0 never executed
branch  1 never executed
        -: 1128:	    {
    #####: 1129:	      if (state->hand[currentPlayer][i] == state->hand[currentPlayer][choice1])
branch  0 never executed
branch  1 never executed
        -: 1130:		{
    #####: 1131:		  discardCard(i, currentPlayer, state, 1);
call    0 never executed
    #####: 1132:		  break;
        -: 1133:		}
        -: 1134:	    }
        -: 1135:	}			
        -: 1136:
    #####: 1137:      return 0;
        -: 1138:		
        -: 1139:    case cutpurse:
        -: 1140:
    #####: 1141:      updateCoins(currentPlayer, state, 2);
call    0 never executed
    #####: 1142:      for (i = 0; i < state->numPlayers; i++)
branch  0 never executed
branch  1 never executed
        -: 1143:	{
    #####: 1144:	  if (i != currentPlayer)
branch  0 never executed
branch  1 never executed
        -: 1145:	    {
    #####: 1146:	      for (j = 0; j < state->handCount[i]; j++)
branch  0 never executed
branch  1 never executed
        -: 1147:		{
    #####: 1148:		  if (state->hand[i][j] == copper)
branch  0 never executed
branch  1 never executed
        -: 1149:		    {
    #####: 1150:		      discardCard(j, i, state, 0);
call    0 never executed
    #####: 1151:		      break;
        -: 1152:		    }
    #####: 1153:		  if (j == state->handCount[i])
branch  0 never executed
branch  1 never executed
        -: 1154:		    {
    #####: 1155:		      for (k = 0; k < state->handCount[i]; k++)
branch  0 never executed
branch  1 never executed
        -: 1156:			{
        -: 1157:			  if (DEBUG)
        -: 1158:			    printf("Player %d reveals card number %d\n", i, state->hand[i][k]);
        -: 1159:			}	
    #####: 1160:		      break;
        -: 1161:		    }		
        -: 1162:		}
        -: 1163:					
        -: 1164:	    }
        -: 1165:				
        -: 1166:	}				
        -: 1167:
        -: 1168:      //discard played card from hand
    #####: 1169:      discardCard(handPos, currentPlayer, state, 0);			
call    0 never executed
        -: 1170:
    #####: 1171:      return 0;
        -: 1172:
        -: 1173:		
        -: 1174:    case embargo: 
        -: 1175:      //+2 Coins
    #####: 1176:      state->coins = state->coins + 2;
        -: 1177:			
        -: 1178:      //see if selected pile is in play
    #####: 1179:      if ( state->supplyCount[choice1] == -1 )
branch  0 never executed
branch  1 never executed
        -: 1180:	{
    #####: 1181:	  return -1;
        -: 1182:	}
        -: 1183:			
        -: 1184:      //add embargo token to selected supply pile
    #####: 1185:      state->embargoTokens[choice1]++;
        -: 1186:			
        -: 1187:      //trash card
    #####: 1188:      discardCard(handPos, currentPlayer, state, 1);		
call    0 never executed
    #####: 1189:      return 0;
        -: 1190:		
        -: 1191:    case outpost:
        -: 1192:      //set outpost flag
    #####: 1193:      state->outpostPlayed++;
        -: 1194:			
        -: 1195:      //discard card
    #####: 1196:      discardCard(handPos, currentPlayer, state, 0);
call    0 never executed
    #####: 1197:      return 0;
        -: 1198:		
        -: 1199:    case salvager:
        -: 1200:      //+1 buy
    #####: 1201:      state->numBuys++;
        -: 1202:			
    #####: 1203:      if (choice1)
branch  0 never executed
branch  1 never executed
        -: 1204:	{
        -: 1205:	  //gain coins equal to trashed card
    #####: 1206:	  state->coins = state->coins + getCost( handCard(choice1, state) );
call    0 never executed
call    1 never executed
        -: 1207:	  //trash card
    #####: 1208:	  discardCard(choice1, currentPlayer, state, 1);	
call    0 never executed
        -: 1209:	}
        -: 1210:			
        -: 1211:      //discard card
    #####: 1212:      discardCard(handPos, currentPlayer, state, 0);
call    0 never executed
    #####: 1213:      return 0;
        -: 1214:		
        -: 1215:    case sea_hag:
    #####: 1216:      for (i = 0; i < state->numPlayers; i++){
branch  0 never executed
branch  1 never executed
    #####: 1217:	if (i != currentPlayer){
branch  0 never executed
branch  1 never executed
    #####: 1218:	  state->discard[i][state->discardCount[i]] = state->deck[i][state->deckCount[i]--];			    state->deckCount[i]--;
    #####: 1219:	  state->discardCount[i]++;
    #####: 1220:	  state->deck[i][state->deckCount[i]--] = curse;//Top card now a curse
        -: 1221:	}
        -: 1222:      }
    #####: 1223:      return 0;
        -: 1224:		
        -: 1225:    case treasure_map:
        -: 1226:      //search hand for another treasure_map
    #####: 1227:      index = -1;
    #####: 1228:      for (i = 0; i < state->handCount[currentPlayer]; i++)
branch  0 never executed
branch  1 never executed
        -: 1229:	{
    #####: 1230:	  if (state->hand[currentPlayer][i] == treasure_map && i != handPos)
branch  0 never executed
branch  1 never executed
branch  2 never executed
branch  3 never executed
        -: 1231:	    {
    #####: 1232:	      index = i;
    #####: 1233:	      break;
        -: 1234:	    }
        -: 1235:	}
    #####: 1236:      if (index > -1)
branch  0 never executed
branch  1 never executed
        -: 1237:	{
        -: 1238:	  //trash both treasure cards
    #####: 1239:	  discardCard(handPos, currentPlayer, state, 1);
call    0 never executed
    #####: 1240:	  discardCard(index, currentPlayer, state, 1);
call    0 never executed
        -: 1241:
        -: 1242:	  //gain 4 Gold cards
    #####: 1243:	  for (i = 0; i < 4; i++)
branch  0 never executed
branch  1 never executed
        -: 1244:	    {
    #####: 1245:	      gainCard(gold, state, 1, currentPlayer);
call    0 never executed
        -: 1246:	    }
        -: 1247:				
        -: 1248:	  //return success
    #####: 1249:	  return 1;
        -: 1250:	}
        -: 1251:			
        -: 1252:      //no second treasure_map found in hand
    #####: 1253:      return -1;
        -: 1254:    }
        -: 1255:	
    #####: 1256:  return -1;
        -: 1257:}
        -: 1258:
function discardCard called 5 returned 100% blocks executed 78%
        5: 1259:int discardCard(int handPos, int currentPlayer, struct gameState *state, int trashFlag)
        -: 1260:{
        -: 1261:	
        -: 1262:  //if card is not trashed, added to Played pile 
        5: 1263:  if (trashFlag < 1)
branch  0 taken 100% (fallthrough)
branch  1 taken 0%
        -: 1264:    {
        -: 1265:      //add card to played pile
        5: 1266:      state->playedCards[state->playedCardCount] = state->hand[currentPlayer][handPos]; 
        5: 1267:      state->playedCardCount++;
        -: 1268:    }
        -: 1269:	
        -: 1270:  //set played card to -1
        5: 1271:  state->hand[currentPlayer][handPos] = -1;
        -: 1272:	
        -: 1273:  //remove card from player's hand
        5: 1274:  if ( handPos == (state->handCount[currentPlayer] - 1) ) 	//last card in hand array is played
branch  0 taken 0% (fallthrough)
branch  1 taken 100%
        -: 1275:    {
        -: 1276:      //reduce number of cards in hand
    #####: 1277:      state->handCount[currentPlayer]--;
        -: 1278:    }
        5: 1279:  else if ( state->handCount[currentPlayer] == 1 ) //only one card in hand
branch  0 taken 0% (fallthrough)
branch  1 taken 100%
        -: 1280:    {
        -: 1281:      //reduce number of cards in hand
    #####: 1282:      state->handCount[currentPlayer]--;
        -: 1283:    }
        -: 1284:  else 	
        -: 1285:    {
        -: 1286:      //replace discarded card with last card in hand
        5: 1287:      state->hand[currentPlayer][handPos] = state->hand[currentPlayer][ (state->handCount[currentPlayer] - 1)];
        -: 1288:      //set last card to -1
        5: 1289:      state->hand[currentPlayer][state->handCount[currentPlayer] - 1] = -1;
        -: 1290:      //reduce number of cards in hand
        5: 1291:      state->handCount[currentPlayer]--;
        -: 1292:    }
        -: 1293:	
        5: 1294:  return 0;
        -: 1295:}
        -: 1296:
function gainCard called 5 returned 100% blocks executed 70%
        5: 1297:int gainCard(int supplyPos, struct gameState *state, int toFlag, int player)
        -: 1298:{
        -: 1299:  //Note: supplyPos is enum of choosen card
        -: 1300:	
        -: 1301:  //check if supply pile is empty (0) or card is not used in game (-1)
        5: 1302:  if ( supplyCount(supplyPos, state) < 1 )
call    0 returned 100%
branch  1 taken 0% (fallthrough)
branch  2 taken 100%
        -: 1303:    {
    #####: 1304:      return -1;
        -: 1305:    }
        -: 1306:	
        -: 1307:  //added card for [whoseTurn] current player:
        -: 1308:  // toFlag = 0 : add to discard
        -: 1309:  // toFlag = 1 : add to deck
        -: 1310:  // toFlag = 2 : add to hand
        -: 1311:
        5: 1312:  if (toFlag == 1)
branch  0 taken 0% (fallthrough)
branch  1 taken 100%
        -: 1313:    {
    #####: 1314:      state->deck[ player ][ state->deckCount[player] ] = supplyPos;
    #####: 1315:      state->deckCount[player]++;
        -: 1316:    }
        5: 1317:  else if (toFlag == 2)
branch  0 taken 100% (fallthrough)
branch  1 taken 0%
        -: 1318:    {
        5: 1319:      state->hand[ player ][ state->handCount[player] ] = supplyPos;
        5: 1320:      state->handCount[player]++;
        -: 1321:    }
        -: 1322:  else
        -: 1323:    {
    #####: 1324:      state->discard[player][ state->discardCount[player] ] = supplyPos;
    #####: 1325:      state->discardCount[player]++;
        -: 1326:    }
        -: 1327:	
        -: 1328:  //decrease number in supply pile
        5: 1329:  state->supplyCount[supplyPos]--;
        -: 1330:	 
        5: 1331:  return 0;
        -: 1332:}
        -: 1333:
function updateCoins called 10 returned 100% blocks executed 82%
       10: 1334:int updateCoins(int player, struct gameState *state, int bonus)
        -: 1335:{
        -: 1336:  int i;
        -: 1337:	
        -: 1338:  //reset coin count
       10: 1339:  state->coins = 0;
        -: 1340:
        -: 1341:  //add coins for each Treasure card in player's hand
       80: 1342:  for (i = 0; i < state->handCount[player]; i++)
branch  0 taken 88%
branch  1 taken 13% (fallthrough)
        -: 1343:    {
       70: 1344:      if (state->hand[player][i] == copper)
branch  0 taken 71% (fallthrough)
branch  1 taken 29%
        -: 1345:	{
       50: 1346:	  state->coins += 1;
        -: 1347:	}
       20: 1348:      else if (state->hand[player][i] == silver)
branch  0 taken 0% (fallthrough)
branch  1 taken 100%
        -: 1349:	{
    #####: 1350:	  state->coins += 2;
        -: 1351:	}
       20: 1352:      else if (state->hand[player][i] == gold)
branch  0 taken 0% (fallthrough)
branch  1 taken 100%
        -: 1353:	{
    #####: 1354:	  state->coins += 3;
        -: 1355:	}	
        -: 1356:    }	
        -: 1357:
        -: 1358:  //add bonus
       10: 1359:  state->coins += bonus;
        -: 1360:
       10: 1361:  return 0;
        -: 1362:}
        -: 1363:
        -: 1364:
        -: 1365://end of dominion.c
        -: 1366:
